=== INICIAR A IMPORTAÇÃO 2018-09-06 01:07:07 ===
Dados MailPoet apagados
Dados MailPoet 2 encontrados:
2listas de assinantes
1 assinante
1 Formulário

Importando segmentos...
2 segmentos importados
Importando campos personalizados...
0 campo personalizado importados
Importando assinantes...
1 assinante importado
Importando formulários...
1 formulário importado
Configurações importadas
IMPORTAÇÃO COMPLETA
=== FINALIZAR IMPORTAÇÃO 2018-09-06 01:07:34 ===
=== INICIAR A IMPORTAÇÃO 2018-09-06 01:07:48 ===
Importando segmentos…
0 segmento foi importado
Importando campos personalizados…
0 campo personalizado foi importado
Importando assinantes…
0 assinante foi importado
Importando formulários…
0 formulário foi importado
Configurações Importadas
IMPORTAÇÃO CONCLUÍDA
=== ENCERRAR A IMPORTAÇÃO 2018-09-06 01:07:48 ===
=== INICIAR A IMPORTAÇÃO 2018-09-06 01:07:55 ===
Importando segmentos…
0 segmento foi importado
Importando campos personalizados…
0 campo personalizado foi importado
Importando assinantes…
0 assinante foi importado
Importando formulários…
0 formulário foi importado
Configurações Importadas
IMPORTAÇÃO CONCLUÍDA
=== ENCERRAR A IMPORTAÇÃO 2018-09-06 01:07:55 ===
=== INICIAR A IMPORTAÇÃO 2018-09-06 01:07:57 ===
Importando segmentos…
0 segmento foi importado
Importando campos personalizados…
0 campo personalizado foi importado
Importando assinantes…
0 assinante foi importado
Importando formulários…
0 formulário foi importado
Configurações Importadas
IMPORTAÇÃO CONCLUÍDA
=== ENCERRAR A IMPORTAÇÃO 2018-09-06 01:07:57 ===
=== INICIAR A IMPORTAÇÃO 2018-09-06 01:07:58 ===
Importando segmentos…
0 segmento foi importado
Importando campos personalizados…
0 campo personalizado foi importado
Importando assinantes…
0 assinante foi importado
Importando formulários…
0 formulário foi importado
Configurações Importadas
IMPORTAÇÃO CONCLUÍDA
=== ENCERRAR A IMPORTAÇÃO 2018-09-06 01:07:58 ===
=== INICIAR A IMPORTAÇÃO 2018-09-06 01:08:06 ===
Importando segmentos…
0 segmento foi importado
Importando campos personalizados…
0 campo personalizado foi importado
Importando assinantes…
0 assinante foi importado
Importando formulários…
0 formulário foi importado
Configurações Importadas
IMPORTAÇÃO CONCLUÍDA
=== ENCERRAR A IMPORTAÇÃO 2018-09-06 01:08:06 ===
=== INICIAR A IMPORTAÇÃO 2018-09-06 01:08:07 ===
Importando segmentos…
0 segmento foi importado
Importando campos personalizados…
0 campo personalizado foi importado
Importando assinantes…
0 assinante foi importado
Importando formulários…
0 formulário foi importado
Configurações Importadas
IMPORTAÇÃO CONCLUÍDA
=== ENCERRAR A IMPORTAÇÃO 2018-09-06 01:08:08 ===
